<?xml version="1.0" encoding="UTF-8"?>
<testsuite xmlns:xsi="http://www.w3.org/2001/XMLSchema-instance" xsi:noNamespaceSchemaLocation="https://maven.apache.org/surefire/maven-surefire-plugin/xsd/surefire-test-report-3.0.xsd" version="3.0" name="com.example.demo.DemoApplicationTests" time="3.166" tests="1" errors="0" skipped="0" failures="0">
  <properties>
    <property name="java.specification.version" value="21"/>
    <property name="sun.jnu.encoding" value="UTF-8"/>
    <property name="java.class.path" value="/Users/akihirokakutani/Documents/GitHub/Kotlin_SpringBoot/target/test-classes:/Users/akihirokakutani/Documents/GitHub/Kotlin_SpringBoot/target/classes:/Users/akihirokakutani/.m2/repository/org/postgresql/postgresql/42.7.7/postgresql-42.7.7.jar:/Users/akihirokakutani/.m2/repository/org/checkerframework/checker-qual/3.49.3/checker-qual-3.49.3.jar:/Users/akihirokakutani/.m2/repository/org/flywaydb/flyway-core/11.7.2/flyway-core-11.7.2.jar:/Users/akihirokakutani/.m2/repository/com/fasterxml/jackson/dataformat/jackson-dataformat-toml/2.19.2/jackson-dataformat-toml-2.19.2.jar:/Users/akihirokakutani/.m2/repository/com/fasterxml/jackson/core/jackson-core/2.19.2/jackson-core-2.19.2.jar:/Users/akihirokakutani/.m2/repository/com/fasterxml/jackson/datatype/jackson-datatype-jsr310/2.19.2/jackson-datatype-jsr310-2.19.2.jar:/Users/akihirokakutani/.m2/repository/org/flywaydb/flyway-database-postgresql/11.7.2/flyway-database-postgresql-11.7.2.jar:/Users/akihirokakutani/.m2/repository/org/jetbrains/kotlin/kotlin-reflect/1.9.25/kotlin-reflect-1.9.25.jar:/Users/akihirokakutani/.m2/repository/org/jetbrains/kotlin/kotlin-stdlib/1.9.25/kotlin-stdlib-1.9.25.jar:/Users/akihirokakutani/.m2/repository/org/jetbrains/annotations/13.0/annotations-13.0.jar:/Users/akihirokakutani/.m2/repository/com/fasterxml/jackson/module/jackson-module-kotlin/2.19.2/jackson-module-kotlin-2.19.2.jar:/Users/akihirokakutani/.m2/repository/com/fasterxml/jackson/core/jackson-databind/2.19.2/jackson-databind-2.19.2.jar:/Users/akihirokakutani/.m2/repository/com/fasterxml/jackson/core/jackson-annotations/2.19.2/jackson-annotations-2.19.2.jar:/Users/akihirokakutani/.m2/repository/org/springframework/session/spring-session-jdbc/3.5.2/spring-session-jdbc-3.5.2.jar:/Users/akihirokakutani/.m2/repository/org/springframework/session/spring-session-core/3.5.2/spring-session-core-3.5.2.jar:/Users/akihirokakutani/.m2/repository/org/springframework/spring-jcl/6.2.11/spring-jcl-6.2.11.jar:/Users/akihirokakutani/.m2/repository/org/springframework/spring-context/6.2.11/spring-context-6.2.11.jar:/Users/akihirokakutani/.m2/repository/org/springframework/spring-beans/6.2.11/spring-beans-6.2.11.jar:/Users/akihirokakutani/.m2/repository/org/springframework/spring-expression/6.2.11/spring-expression-6.2.11.jar:/Users/akihirokakutani/.m2/repository/org/springframework/spring-jdbc/6.2.11/spring-jdbc-6.2.11.jar:/Users/akihirokakutani/.m2/repository/org/springframework/spring-tx/6.2.11/spring-tx-6.2.11.jar:/Users/akihirokakutani/.m2/repository/org/springframework/boot/spring-boot-starter-security/3.5.6/spring-boot-starter-security-3.5.6.jar:/Users/akihirokakutani/.m2/repository/org/springframework/boot/spring-boot-starter/3.5.6/spring-boot-starter-3.5.6.jar:/Users/akihirokakutani/.m2/repository/org/springframework/boot/spring-boot-starter-logging/3.5.6/spring-boot-starter-logging-3.5.6.jar:/Users/akihirokakutani/.m2/repository/ch/qos/logback/logback-classic/1.5.18/logback-classic-1.5.18.jar:/Users/akihirokakutani/.m2/repository/ch/qos/logback/logback-core/1.5.18/logback-core-1.5.18.jar:/Users/akihirokakutani/.m2/repository/org/apache/logging/log4j/log4j-to-slf4j/2.24.3/log4j-to-slf4j-2.24.3.jar:/Users/akihirokakutani/.m2/repository/org/apache/logging/log4j/log4j-api/2.24.3/log4j-api-2.24.3.jar:/Users/akihirokakutani/.m2/repository/org/slf4j/jul-to-slf4j/2.0.17/jul-to-slf4j-2.0.17.jar:/Users/akihirokakutani/.m2/repository/jakarta/annotation/jakarta.annotation-api/2.1.1/jakarta.annotation-api-2.1.1.jar:/Users/akihirokakutani/.m2/repository/org/yaml/snakeyaml/2.4/snakeyaml-2.4.jar:/Users/akihirokakutani/.m2/repository/org/springframework/spring-aop/6.2.11/spring-aop-6.2.11.jar:/Users/akihirokakutani/.m2/repository/org/springframework/security/spring-security-config/6.5.5/spring-security-config-6.5.5.jar:/Users/akihirokakutani/.m2/repository/org/springframework/security/spring-security-core/6.5.5/spring-security-core-6.5.5.jar:/Users/akihirokakutani/.m2/repository/org/springframework/security/spring-security-crypto/6.5.5/spring-security-crypto-6.5.5.jar:/Users/akihirokakutani/.m2/repository/org/springframework/security/spring-security-web/6.5.5/spring-security-web-6.5.5.jar:/Users/akihirokakutani/.m2/repository/com/bucket4j/bucket4j-core/8.10.1/bucket4j-core-8.10.1.jar:/Users/akihirokakutani/.m2/repository/org/springframework/boot/spring-boot-docker-compose/3.5.6/spring-boot-docker-compose-3.5.6.jar:/Users/akihirokakutani/.m2/repository/org/springframework/boot/spring-boot/3.5.6/spring-boot-3.5.6.jar:/Users/akihirokakutani/.m2/repository/com/fasterxml/jackson/module/jackson-module-parameter-names/2.19.2/jackson-module-parameter-names-2.19.2.jar:/Users/akihirokakutani/.m2/repository/org/springframework/boot/spring-boot-devtools/3.5.6/spring-boot-devtools-3.5.6.jar:/Users/akihirokakutani/.m2/repository/org/springframework/boot/spring-boot-autoconfigure/3.5.6/spring-boot-autoconfigure-3.5.6.jar:/Users/akihirokakutani/.m2/repository/org/springframework/boot/spring-boot-starter-test/3.5.6/spring-boot-starter-test-3.5.6.jar:/Users/akihirokakutani/.m2/repository/org/springframework/boot/spring-boot-test/3.5.6/spring-boot-test-3.5.6.jar:/Users/akihirokakutani/.m2/repository/org/springframework/boot/spring-boot-test-autoconfigure/3.5.6/spring-boot-test-autoconfigure-3.5.6.jar:/Users/akihirokakutani/.m2/repository/com/jayway/jsonpath/json-path/2.9.0/json-path-2.9.0.jar:/Users/akihirokakutani/.m2/repository/org/slf4j/slf4j-api/2.0.17/slf4j-api-2.0.17.jar:/Users/akihirokakutani/.m2/repository/jakarta/xml/bind/jakarta.xml.bind-api/4.0.2/jakarta.xml.bind-api-4.0.2.jar:/Users/akihirokakutani/.m2/repository/jakarta/activation/jakarta.activation-api/2.1.4/jakarta.activation-api-2.1.4.jar:/Users/akihirokakutani/.m2/repository/net/minidev/json-smart/2.5.2/json-smart-2.5.2.jar:/Users/akihirokakutani/.m2/repository/net/minidev/accessors-smart/2.5.2/accessors-smart-2.5.2.jar:/Users/akihirokakutani/.m2/repository/org/ow2/asm/asm/9.7.1/asm-9.7.1.jar:/Users/akihirokakutani/.m2/repository/org/assertj/assertj-core/3.27.4/assertj-core-3.27.4.jar:/Users/akihirokakutani/.m2/repository/net/bytebuddy/byte-buddy/1.17.7/byte-buddy-1.17.7.jar:/Users/akihirokakutani/.m2/repository/org/awaitility/awaitility/4.2.2/awaitility-4.2.2.jar:/Users/akihirokakutani/.m2/repository/org/hamcrest/hamcrest/3.0/hamcrest-3.0.jar:/Users/akihirokakutani/.m2/repository/org/junit/jupiter/junit-jupiter/5.12.2/junit-jupiter-5.12.2.jar:/Users/akihirokakutani/.m2/repository/org/junit/jupiter/junit-jupiter-params/5.12.2/junit-jupiter-params-5.12.2.jar:/Users/akihirokakutani/.m2/repository/org/mockito/mockito-core/5.17.0/mockito-core-5.17.0.jar:/Users/akihirokakutani/.m2/repository/net/bytebuddy/byte-buddy-agent/1.17.7/byte-buddy-agent-1.17.7.jar:/Users/akihirokakutani/.m2/repository/org/objenesis/objenesis/3.3/objenesis-3.3.jar:/Users/akihirokakutani/.m2/repository/org/mockito/mockito-junit-jupiter/5.17.0/mockito-junit-jupiter-5.17.0.jar:/Users/akihirokakutani/.m2/repository/org/skyscreamer/jsonassert/1.5.3/jsonassert-1.5.3.jar:/Users/akihirokakutani/.m2/repository/com/vaadin/external/google/android-json/0.0.20131108.vaadin1/android-json-0.0.20131108.vaadin1.jar:/Users/akihirokakutani/.m2/repository/org/springframework/spring-core/6.2.11/spring-core-6.2.11.jar:/Users/akihirokakutani/.m2/repository/org/springframework/spring-test/6.2.11/spring-test-6.2.11.jar:/Users/akihirokakutani/.m2/repository/org/xmlunit/xmlunit-core/2.10.4/xmlunit-core-2.10.4.jar:/Users/akihirokakutani/.m2/repository/org/jetbrains/kotlin/kotlin-test-junit5/1.9.25/kotlin-test-junit5-1.9.25.jar:/Users/akihirokakutani/.m2/repository/org/jetbrains/kotlin/kotlin-test/1.9.25/kotlin-test-1.9.25.jar:/Users/akihirokakutani/.m2/repository/org/junit/jupiter/junit-jupiter-api/5.12.2/junit-jupiter-api-5.12.2.jar:/Users/akihirokakutani/.m2/repository/org/opentest4j/opentest4j/1.3.0/opentest4j-1.3.0.jar:/Users/akihirokakutani/.m2/repository/org/junit/platform/junit-platform-commons/1.12.2/junit-platform-commons-1.12.2.jar:/Users/akihirokakutani/.m2/repository/org/apiguardian/apiguardian-api/1.1.2/apiguardian-api-1.1.2.jar:/Users/akihirokakutani/.m2/repository/org/junit/jupiter/junit-jupiter-engine/5.12.2/junit-jupiter-engine-5.12.2.jar:/Users/akihirokakutani/.m2/repository/org/junit/platform/junit-platform-engine/1.12.2/junit-platform-engine-1.12.2.jar:/Users/akihirokakutani/.m2/repository/org/springframework/boot/spring-boot-configuration-processor/3.5.6/spring-boot-configuration-processor-3.5.6.jar:/Users/akihirokakutani/.m2/repository/org/springframework/boot/spring-boot-starter-web/3.5.6/spring-boot-starter-web-3.5.6.jar:/Users/akihirokakutani/.m2/repository/org/springframework/boot/spring-boot-starter-json/3.5.6/spring-boot-starter-json-3.5.6.jar:/Users/akihirokakutani/.m2/repository/com/fasterxml/jackson/datatype/jackson-datatype-jdk8/2.19.2/jackson-datatype-jdk8-2.19.2.jar:/Users/akihirokakutani/.m2/repository/org/springframework/boot/spring-boot-starter-tomcat/3.5.6/spring-boot-starter-tomcat-3.5.6.jar:/Users/akihirokakutani/.m2/repository/org/apache/tomcat/embed/tomcat-embed-core/10.1.46/tomcat-embed-core-10.1.46.jar:/Users/akihirokakutani/.m2/repository/org/apache/tomcat/embed/tomcat-embed-websocket/10.1.46/tomcat-embed-websocket-10.1.46.jar:/Users/akihirokakutani/.m2/repository/org/springframework/spring-web/6.2.11/spring-web-6.2.11.jar:/Users/akihirokakutani/.m2/repository/org/springframework/spring-webmvc/6.2.11/spring-webmvc-6.2.11.jar:/Users/akihirokakutani/.m2/repository/org/mybatis/spring/boot/mybatis-spring-boot-starter/3.0.5/mybatis-spring-boot-starter-3.0.5.jar:/Users/akihirokakutani/.m2/repository/org/springframework/boot/spring-boot-starter-jdbc/3.5.6/spring-boot-starter-jdbc-3.5.6.jar:/Users/akihirokakutani/.m2/repository/com/zaxxer/HikariCP/6.3.3/HikariCP-6.3.3.jar:/Users/akihirokakutani/.m2/repository/org/mybatis/spring/boot/mybatis-spring-boot-autoconfigure/3.0.5/mybatis-spring-boot-autoconfigure-3.0.5.jar:/Users/akihirokakutani/.m2/repository/org/mybatis/mybatis/3.5.19/mybatis-3.5.19.jar:/Users/akihirokakutani/.m2/repository/org/mybatis/mybatis-spring/3.0.5/mybatis-spring-3.0.5.jar:/Users/akihirokakutani/.m2/repository/org/mybatis/spring/boot/mybatis-spring-boot-starter-test/3.0.5/mybatis-spring-boot-starter-test-3.0.5.jar:/Users/akihirokakutani/.m2/repository/org/mybatis/spring/boot/mybatis-spring-boot-test-autoconfigure/3.0.5/mybatis-spring-boot-test-autoconfigure-3.0.5.jar:/Users/akihirokakutani/.m2/repository/org/springframework/boot/spring-boot-starter-thymeleaf/3.5.6/spring-boot-starter-thymeleaf-3.5.6.jar:/Users/akihirokakutani/.m2/repository/org/thymeleaf/thymeleaf-spring6/3.1.3.RELEASE/thymeleaf-spring6-3.1.3.RELEASE.jar:/Users/akihirokakutani/.m2/repository/org/thymeleaf/thymeleaf/3.1.3.RELEASE/thymeleaf-3.1.3.RELEASE.jar:/Users/akihirokakutani/.m2/repository/org/attoparser/attoparser/2.0.7.RELEASE/attoparser-2.0.7.RELEASE.jar:/Users/akihirokakutani/.m2/repository/org/unbescape/unbescape/1.1.6.RELEASE/unbescape-1.1.6.RELEASE.jar:/Users/akihirokakutani/.m2/repository/org/springframework/boot/spring-boot-starter-cache/3.5.6/spring-boot-starter-cache-3.5.6.jar:/Users/akihirokakutani/.m2/repository/org/springframework/spring-context-support/6.2.11/spring-context-support-6.2.11.jar:/Users/akihirokakutani/.m2/repository/org/springframework/boot/spring-boot-starter-validation/3.5.6/spring-boot-starter-validation-3.5.6.jar:/Users/akihirokakutani/.m2/repository/org/apache/tomcat/embed/tomcat-embed-el/10.1.46/tomcat-embed-el-10.1.46.jar:/Users/akihirokakutani/.m2/repository/org/hibernate/validator/hibernate-validator/8.0.3.Final/hibernate-validator-8.0.3.Final.jar:/Users/akihirokakutani/.m2/repository/jakarta/validation/jakarta.validation-api/3.0.2/jakarta.validation-api-3.0.2.jar:/Users/akihirokakutani/.m2/repository/org/jboss/logging/jboss-logging/3.6.1.Final/jboss-logging-3.6.1.Final.jar:/Users/akihirokakutani/.m2/repository/com/fasterxml/classmate/1.7.0/classmate-1.7.0.jar:/Users/akihirokakutani/.m2/repository/org/webjars/bootstrap/5.3.8/bootstrap-5.3.8.jar:/Users/akihirokakutani/.m2/repository/org/webjars/npm/bootstrap-icons/1.13.1/bootstrap-icons-1.13.1.jar:/Users/akihirokakutani/.m2/repository/org/springframework/boot/spring-boot-starter-actuator/3.5.6/spring-boot-starter-actuator-3.5.6.jar:/Users/akihirokakutani/.m2/repository/org/springframework/boot/spring-boot-actuator-autoconfigure/3.5.6/spring-boot-actuator-autoconfigure-3.5.6.jar:/Users/akihirokakutani/.m2/repository/org/springframework/boot/spring-boot-actuator/3.5.6/spring-boot-actuator-3.5.6.jar:/Users/akihirokakutani/.m2/repository/io/micrometer/micrometer-observation/1.15.4/micrometer-observation-1.15.4.jar:/Users/akihirokakutani/.m2/repository/io/micrometer/micrometer-commons/1.15.4/micrometer-commons-1.15.4.jar:/Users/akihirokakutani/.m2/repository/io/micrometer/micrometer-jakarta9/1.15.4/micrometer-jakarta9-1.15.4.jar:/Users/akihirokakutani/.m2/repository/io/micrometer/micrometer-core/1.15.4/micrometer-core-1.15.4.jar:/Users/akihirokakutani/.m2/repository/org/hdrhistogram/HdrHistogram/2.2.2/HdrHistogram-2.2.2.jar:/Users/akihirokakutani/.m2/repository/org/latencyutils/LatencyUtils/2.0.3/LatencyUtils-2.0.3.jar:"/>
    <property name="java.vm.vendor" value="Amazon.com Inc."/>
    <property name="sun.arch.data.model" value="64"/>
    <property name="java.vendor.url" value="https://aws.amazon.com/corretto/"/>
    <property name="user.timezone" value="Asia/Tokyo"/>
    <property name="org.jboss.logging.provider" value="slf4j"/>
    <property name="os.name" value="Mac OS X"/>
    <property name="java.vm.specification.version" value="21"/>
    <property name="APPLICATION_NAME" value="demo"/>
    <property name="user.country" value="JP"/>
    <property name="sun.java.launcher" value="SUN_STANDARD"/>
    <property name="sun.boot.library.path" value="/Users/akihirokakutani/Library/Java/JavaVirtualMachines/corretto-21.0.8/Contents/Home/lib"/>
    <property name="sun.java.command" value="/Users/akihirokakutani/Documents/GitHub/Kotlin_SpringBoot/target/surefire/surefirebooter-20251005135402771_3.jar /Users/akihirokakutani/Documents/GitHub/Kotlin_SpringBoot/target/surefire 2025-10-05T13-54-02_706-jvmRun1 surefire-20251005135402771_1tmp surefire_0-20251005135402771_2tmp"/>
    <property name="http.nonProxyHosts" value="local|*.local|169.254/16|*.169.254/16"/>
    <property name="jdk.debug" value="release"/>
    <property name="surefire.test.class.path" value="/Users/akihirokakutani/Documents/GitHub/Kotlin_SpringBoot/target/test-classes:/Users/akihirokakutani/Documents/GitHub/Kotlin_SpringBoot/target/classes:/Users/akihirokakutani/.m2/repository/org/postgresql/postgresql/42.7.7/postgresql-42.7.7.jar:/Users/akihirokakutani/.m2/repository/org/checkerframework/checker-qual/3.49.3/checker-qual-3.49.3.jar:/Users/akihirokakutani/.m2/repository/org/flywaydb/flyway-core/11.7.2/flyway-core-11.7.2.jar:/Users/akihirokakutani/.m2/repository/com/fasterxml/jackson/dataformat/jackson-dataformat-toml/2.19.2/jackson-dataformat-toml-2.19.2.jar:/Users/akihirokakutani/.m2/repository/com/fasterxml/jackson/core/jackson-core/2.19.2/jackson-core-2.19.2.jar:/Users/akihirokakutani/.m2/repository/com/fasterxml/jackson/datatype/jackson-datatype-jsr310/2.19.2/jackson-datatype-jsr310-2.19.2.jar:/Users/akihirokakutani/.m2/repository/org/flywaydb/flyway-database-postgresql/11.7.2/flyway-database-postgresql-11.7.2.jar:/Users/akihirokakutani/.m2/repository/org/jetbrains/kotlin/kotlin-reflect/1.9.25/kotlin-reflect-1.9.25.jar:/Users/akihirokakutani/.m2/repository/org/jetbrains/kotlin/kotlin-stdlib/1.9.25/kotlin-stdlib-1.9.25.jar:/Users/akihirokakutani/.m2/repository/org/jetbrains/annotations/13.0/annotations-13.0.jar:/Users/akihirokakutani/.m2/repository/com/fasterxml/jackson/module/jackson-module-kotlin/2.19.2/jackson-module-kotlin-2.19.2.jar:/Users/akihirokakutani/.m2/repository/com/fasterxml/jackson/core/jackson-databind/2.19.2/jackson-databind-2.19.2.jar:/Users/akihirokakutani/.m2/repository/com/fasterxml/jackson/core/jackson-annotations/2.19.2/jackson-annotations-2.19.2.jar:/Users/akihirokakutani/.m2/repository/org/springframework/session/spring-session-jdbc/3.5.2/spring-session-jdbc-3.5.2.jar:/Users/akihirokakutani/.m2/repository/org/springframework/session/spring-session-core/3.5.2/spring-session-core-3.5.2.jar:/Users/akihirokakutani/.m2/repository/org/springframework/spring-jcl/6.2.11/spring-jcl-6.2.11.jar:/Users/akihirokakutani/.m2/repository/org/springframework/spring-context/6.2.11/spring-context-6.2.11.jar:/Users/akihirokakutani/.m2/repository/org/springframework/spring-beans/6.2.11/spring-beans-6.2.11.jar:/Users/akihirokakutani/.m2/repository/org/springframework/spring-expression/6.2.11/spring-expression-6.2.11.jar:/Users/akihirokakutani/.m2/repository/org/springframework/spring-jdbc/6.2.11/spring-jdbc-6.2.11.jar:/Users/akihirokakutani/.m2/repository/org/springframework/spring-tx/6.2.11/spring-tx-6.2.11.jar:/Users/akihirokakutani/.m2/repository/org/springframework/boot/spring-boot-starter-security/3.5.6/spring-boot-starter-security-3.5.6.jar:/Users/akihirokakutani/.m2/repository/org/springframework/boot/spring-boot-starter/3.5.6/spring-boot-starter-3.5.6.jar:/Users/akihirokakutani/.m2/repository/org/springframework/boot/spring-boot-starter-logging/3.5.6/spring-boot-starter-logging-3.5.6.jar:/Users/akihirokakutani/.m2/repository/ch/qos/logback/logback-classic/1.5.18/logback-classic-1.5.18.jar:/Users/akihirokakutani/.m2/repository/ch/qos/logback/logback-core/1.5.18/logback-core-1.5.18.jar:/Users/akihirokakutani/.m2/repository/org/apache/logging/log4j/log4j-to-slf4j/2.24.3/log4j-to-slf4j-2.24.3.jar:/Users/akihirokakutani/.m2/repository/org/apache/logging/log4j/log4j-api/2.24.3/log4j-api-2.24.3.jar:/Users/akihirokakutani/.m2/repository/org/slf4j/jul-to-slf4j/2.0.17/jul-to-slf4j-2.0.17.jar:/Users/akihirokakutani/.m2/repository/jakarta/annotation/jakarta.annotation-api/2.1.1/jakarta.annotation-api-2.1.1.jar:/Users/akihirokakutani/.m2/repository/org/yaml/snakeyaml/2.4/snakeyaml-2.4.jar:/Users/akihirokakutani/.m2/repository/org/springframework/spring-aop/6.2.11/spring-aop-6.2.11.jar:/Users/akihirokakutani/.m2/repository/org/springframework/security/spring-security-config/6.5.5/spring-security-config-6.5.5.jar:/Users/akihirokakutani/.m2/repository/org/springframework/security/spring-security-core/6.5.5/spring-security-core-6.5.5.jar:/Users/akihirokakutani/.m2/repository/org/springframework/security/spring-security-crypto/6.5.5/spring-security-crypto-6.5.5.jar:/Users/akihirokakutani/.m2/repository/org/springframework/security/spring-security-web/6.5.5/spring-security-web-6.5.5.jar:/Users/akihirokakutani/.m2/repository/com/bucket4j/bucket4j-core/8.10.1/bucket4j-core-8.10.1.jar:/Users/akihirokakutani/.m2/repository/org/springframework/boot/spring-boot-docker-compose/3.5.6/spring-boot-docker-compose-3.5.6.jar:/Users/akihirokakutani/.m2/repository/org/springframework/boot/spring-boot/3.5.6/spring-boot-3.5.6.jar:/Users/akihirokakutani/.m2/repository/com/fasterxml/jackson/module/jackson-module-parameter-names/2.19.2/jackson-module-parameter-names-2.19.2.jar:/Users/akihirokakutani/.m2/repository/org/springframework/boot/spring-boot-devtools/3.5.6/spring-boot-devtools-3.5.6.jar:/Users/akihirokakutani/.m2/repository/org/springframework/boot/spring-boot-autoconfigure/3.5.6/spring-boot-autoconfigure-3.5.6.jar:/Users/akihirokakutani/.m2/repository/org/springframework/boot/spring-boot-starter-test/3.5.6/spring-boot-starter-test-3.5.6.jar:/Users/akihirokakutani/.m2/repository/org/springframework/boot/spring-boot-test/3.5.6/spring-boot-test-3.5.6.jar:/Users/akihirokakutani/.m2/repository/org/springframework/boot/spring-boot-test-autoconfigure/3.5.6/spring-boot-test-autoconfigure-3.5.6.jar:/Users/akihirokakutani/.m2/repository/com/jayway/jsonpath/json-path/2.9.0/json-path-2.9.0.jar:/Users/akihirokakutani/.m2/repository/org/slf4j/slf4j-api/2.0.17/slf4j-api-2.0.17.jar:/Users/akihirokakutani/.m2/repository/jakarta/xml/bind/jakarta.xml.bind-api/4.0.2/jakarta.xml.bind-api-4.0.2.jar:/Users/akihirokakutani/.m2/repository/jakarta/activation/jakarta.activation-api/2.1.4/jakarta.activation-api-2.1.4.jar:/Users/akihirokakutani/.m2/repository/net/minidev/json-smart/2.5.2/json-smart-2.5.2.jar:/Users/akihirokakutani/.m2/repository/net/minidev/accessors-smart/2.5.2/accessors-smart-2.5.2.jar:/Users/akihirokakutani/.m2/repository/org/ow2/asm/asm/9.7.1/asm-9.7.1.jar:/Users/akihirokakutani/.m2/repository/org/assertj/assertj-core/3.27.4/assertj-core-3.27.4.jar:/Users/akihirokakutani/.m2/repository/net/bytebuddy/byte-buddy/1.17.7/byte-buddy-1.17.7.jar:/Users/akihirokakutani/.m2/repository/org/awaitility/awaitility/4.2.2/awaitility-4.2.2.jar:/Users/akihirokakutani/.m2/repository/org/hamcrest/hamcrest/3.0/hamcrest-3.0.jar:/Users/akihirokakutani/.m2/repository/org/junit/jupiter/junit-jupiter/5.12.2/junit-jupiter-5.12.2.jar:/Users/akihirokakutani/.m2/repository/org/junit/jupiter/junit-jupiter-params/5.12.2/junit-jupiter-params-5.12.2.jar:/Users/akihirokakutani/.m2/repository/org/mockito/mockito-core/5.17.0/mockito-core-5.17.0.jar:/Users/akihirokakutani/.m2/repository/net/bytebuddy/byte-buddy-agent/1.17.7/byte-buddy-agent-1.17.7.jar:/Users/akihirokakutani/.m2/repository/org/objenesis/objenesis/3.3/objenesis-3.3.jar:/Users/akihirokakutani/.m2/repository/org/mockito/mockito-junit-jupiter/5.17.0/mockito-junit-jupiter-5.17.0.jar:/Users/akihirokakutani/.m2/repository/org/skyscreamer/jsonassert/1.5.3/jsonassert-1.5.3.jar:/Users/akihirokakutani/.m2/repository/com/vaadin/external/google/android-json/0.0.20131108.vaadin1/android-json-0.0.20131108.vaadin1.jar:/Users/akihirokakutani/.m2/repository/org/springframework/spring-core/6.2.11/spring-core-6.2.11.jar:/Users/akihirokakutani/.m2/repository/org/springframework/spring-test/6.2.11/spring-test-6.2.11.jar:/Users/akihirokakutani/.m2/repository/org/xmlunit/xmlunit-core/2.10.4/xmlunit-core-2.10.4.jar:/Users/akihirokakutani/.m2/repository/org/jetbrains/kotlin/kotlin-test-junit5/1.9.25/kotlin-test-junit5-1.9.25.jar:/Users/akihirokakutani/.m2/repository/org/jetbrains/kotlin/kotlin-test/1.9.25/kotlin-test-1.9.25.jar:/Users/akihirokakutani/.m2/repository/org/junit/jupiter/junit-jupiter-api/5.12.2/junit-jupiter-api-5.12.2.jar:/Users/akihirokakutani/.m2/repository/org/opentest4j/opentest4j/1.3.0/opentest4j-1.3.0.jar:/Users/akihirokakutani/.m2/repository/org/junit/platform/junit-platform-commons/1.12.2/junit-platform-commons-1.12.2.jar:/Users/akihirokakutani/.m2/repository/org/apiguardian/apiguardian-api/1.1.2/apiguardian-api-1.1.2.jar:/Users/akihirokakutani/.m2/repository/org/junit/jupiter/junit-jupiter-engine/5.12.2/junit-jupiter-engine-5.12.2.jar:/Users/akihirokakutani/.m2/repository/org/junit/platform/junit-platform-engine/1.12.2/junit-platform-engine-1.12.2.jar:/Users/akihirokakutani/.m2/repository/org/springframework/boot/spring-boot-configuration-processor/3.5.6/spring-boot-configuration-processor-3.5.6.jar:/Users/akihirokakutani/.m2/repository/org/springframework/boot/spring-boot-starter-web/3.5.6/spring-boot-starter-web-3.5.6.jar:/Users/akihirokakutani/.m2/repository/org/springframework/boot/spring-boot-starter-json/3.5.6/spring-boot-starter-json-3.5.6.jar:/Users/akihirokakutani/.m2/repository/com/fasterxml/jackson/datatype/jackson-datatype-jdk8/2.19.2/jackson-datatype-jdk8-2.19.2.jar:/Users/akihirokakutani/.m2/repository/org/springframework/boot/spring-boot-starter-tomcat/3.5.6/spring-boot-starter-tomcat-3.5.6.jar:/Users/akihirokakutani/.m2/repository/org/apache/tomcat/embed/tomcat-embed-core/10.1.46/tomcat-embed-core-10.1.46.jar:/Users/akihirokakutani/.m2/repository/org/apache/tomcat/embed/tomcat-embed-websocket/10.1.46/tomcat-embed-websocket-10.1.46.jar:/Users/akihirokakutani/.m2/repository/org/springframework/spring-web/6.2.11/spring-web-6.2.11.jar:/Users/akihirokakutani/.m2/repository/org/springframework/spring-webmvc/6.2.11/spring-webmvc-6.2.11.jar:/Users/akihirokakutani/.m2/repository/org/mybatis/spring/boot/mybatis-spring-boot-starter/3.0.5/mybatis-spring-boot-starter-3.0.5.jar:/Users/akihirokakutani/.m2/repository/org/springframework/boot/spring-boot-starter-jdbc/3.5.6/spring-boot-starter-jdbc-3.5.6.jar:/Users/akihirokakutani/.m2/repository/com/zaxxer/HikariCP/6.3.3/HikariCP-6.3.3.jar:/Users/akihirokakutani/.m2/repository/org/mybatis/spring/boot/mybatis-spring-boot-autoconfigure/3.0.5/mybatis-spring-boot-autoconfigure-3.0.5.jar:/Users/akihirokakutani/.m2/repository/org/mybatis/mybatis/3.5.19/mybatis-3.5.19.jar:/Users/akihirokakutani/.m2/repository/org/mybatis/mybatis-spring/3.0.5/mybatis-spring-3.0.5.jar:/Users/akihirokakutani/.m2/repository/org/mybatis/spring/boot/mybatis-spring-boot-starter-test/3.0.5/mybatis-spring-boot-starter-test-3.0.5.jar:/Users/akihirokakutani/.m2/repository/org/mybatis/spring/boot/mybatis-spring-boot-test-autoconfigure/3.0.5/mybatis-spring-boot-test-autoconfigure-3.0.5.jar:/Users/akihirokakutani/.m2/repository/org/springframework/boot/spring-boot-starter-thymeleaf/3.5.6/spring-boot-starter-thymeleaf-3.5.6.jar:/Users/akihirokakutani/.m2/repository/org/thymeleaf/thymeleaf-spring6/3.1.3.RELEASE/thymeleaf-spring6-3.1.3.RELEASE.jar:/Users/akihirokakutani/.m2/repository/org/thymeleaf/thymeleaf/3.1.3.RELEASE/thymeleaf-3.1.3.RELEASE.jar:/Users/akihirokakutani/.m2/repository/org/attoparser/attoparser/2.0.7.RELEASE/attoparser-2.0.7.RELEASE.jar:/Users/akihirokakutani/.m2/repository/org/unbescape/unbescape/1.1.6.RELEASE/unbescape-1.1.6.RELEASE.jar:/Users/akihirokakutani/.m2/repository/org/springframework/boot/spring-boot-starter-cache/3.5.6/spring-boot-starter-cache-3.5.6.jar:/Users/akihirokakutani/.m2/repository/org/springframework/spring-context-support/6.2.11/spring-context-support-6.2.11.jar:/Users/akihirokakutani/.m2/repository/org/springframework/boot/spring-boot-starter-validation/3.5.6/spring-boot-starter-validation-3.5.6.jar:/Users/akihirokakutani/.m2/repository/org/apache/tomcat/embed/tomcat-embed-el/10.1.46/tomcat-embed-el-10.1.46.jar:/Users/akihirokakutani/.m2/repository/org/hibernate/validator/hibernate-validator/8.0.3.Final/hibernate-validator-8.0.3.Final.jar:/Users/akihirokakutani/.m2/repository/jakarta/validation/jakarta.validation-api/3.0.2/jakarta.validation-api-3.0.2.jar:/Users/akihirokakutani/.m2/repository/org/jboss/logging/jboss-logging/3.6.1.Final/jboss-logging-3.6.1.Final.jar:/Users/akihirokakutani/.m2/repository/com/fasterxml/classmate/1.7.0/classmate-1.7.0.jar:/Users/akihirokakutani/.m2/repository/org/webjars/bootstrap/5.3.8/bootstrap-5.3.8.jar:/Users/akihirokakutani/.m2/repository/org/webjars/npm/bootstrap-icons/1.13.1/bootstrap-icons-1.13.1.jar:/Users/akihirokakutani/.m2/repository/org/springframework/boot/spring-boot-starter-actuator/3.5.6/spring-boot-starter-actuator-3.5.6.jar:/Users/akihirokakutani/.m2/repository/org/springframework/boot/spring-boot-actuator-autoconfigure/3.5.6/spring-boot-actuator-autoconfigure-3.5.6.jar:/Users/akihirokakutani/.m2/repository/org/springframework/boot/spring-boot-actuator/3.5.6/spring-boot-actuator-3.5.6.jar:/Users/akihirokakutani/.m2/repository/io/micrometer/micrometer-observation/1.15.4/micrometer-observation-1.15.4.jar:/Users/akihirokakutani/.m2/repository/io/micrometer/micrometer-commons/1.15.4/micrometer-commons-1.15.4.jar:/Users/akihirokakutani/.m2/repository/io/micrometer/micrometer-jakarta9/1.15.4/micrometer-jakarta9-1.15.4.jar:/Users/akihirokakutani/.m2/repository/io/micrometer/micrometer-core/1.15.4/micrometer-core-1.15.4.jar:/Users/akihirokakutani/.m2/repository/org/hdrhistogram/HdrHistogram/2.2.2/HdrHistogram-2.2.2.jar:/Users/akihirokakutani/.m2/repository/org/latencyutils/LatencyUtils/2.0.3/LatencyUtils-2.0.3.jar:"/>
    <property name="sun.cpu.endian" value="little"/>
    <property name="user.home" value="/Users/akihirokakutani"/>
    <property name="user.language" value="ja"/>
    <property name="java.specification.vendor" value="Oracle Corporation"/>
    <property name="java.version.date" value="2025-07-15"/>
    <property name="java.home" value="/Users/akihirokakutani/Library/Java/JavaVirtualMachines/corretto-21.0.8/Contents/Home"/>
    <property name="file.separator" value="/"/>
    <property name="basedir" value="/Users/akihirokakutani/Documents/GitHub/Kotlin_SpringBoot"/>
    <property name="style.color" value="always"/>
    <property name="java.vm.compressedOopsMode" value="Zero based"/>
    <property name="line.separator" value="&#10;"/>
    <property name="java.vm.specification.vendor" value="Oracle Corporation"/>
    <property name="java.specification.name" value="Java Platform API Specification"/>
    <property name="FILE_LOG_CHARSET" value="UTF-8"/>
    <property name="java.awt.headless" value="true"/>
    <property name="apple.awt.application.name" value="ForkedBooter"/>
    <property name="surefire.real.class.path" value="/Users/akihirokakutani/Documents/GitHub/Kotlin_SpringBoot/target/surefire/surefirebooter-20251005135402771_3.jar"/>
    <property name="sun.management.compiler" value="HotSpot 64-Bit Tiered Compilers"/>
    <property name="ftp.nonProxyHosts" value="local|*.local|169.254/16|*.169.254/16"/>
    <property name="java.runtime.version" value="21.0.8+9-LTS"/>
    <property name="user.name" value="akihirokakutani"/>
    <property name="stdout.encoding" value="UTF-8"/>
    <property name="path.separator" value=":"/>
    <property name="os.version" value="26.0.1"/>
    <property name="java.runtime.name" value="OpenJDK Runtime Environment"/>
    <property name="file.encoding" value="UTF-8"/>
    <property name="java.vm.name" value="OpenJDK 64-Bit Server VM"/>
    <property name="java.vendor.version" value="Corretto-21.0.8.9.1"/>
    <property name="maven.ext.class.path" value="/Applications/IntelliJ IDEA.app/Contents/plugins/maven/lib/maven-event-listener.jar"/>
    <property name="localRepository" value="/Users/akihirokakutani/.m2/repository"/>
    <property name="java.vendor.url.bug" value="https://github.com/corretto/corretto-21/issues/"/>
    <property name="java.io.tmpdir" value="/var/folders/qh/hqd939qx2qx0bdcv0zxg47j00000gn/T/"/>
    <property name="idea.version" value="2025.2.1"/>
    <property name="com.zaxxer.hikari.pool_number" value="1"/>
    <property name="java.version" value="21.0.8"/>
    <property name="user.dir" value="/Users/akihirokakutani/Documents/GitHub/Kotlin_SpringBoot"/>
    <property name="os.arch" value="aarch64"/>
    <property name="jansi.passthrough" value="true"/>
    <property name="java.vm.specification.name" value="Java Virtual Machine Specification"/>
    <property name="PID" value="36837"/>
    <property name="CONSOLE_LOG_CHARSET" value="UTF-8"/>
    <property name="native.encoding" value="UTF-8"/>
    <property name="java.library.path" value="/Users/akihirokakutani/Library/Java/Extensions:/Library/Java/Extensions:/Network/Library/Java/Extensions:/System/Library/Java/Extensions:/usr/lib/java:."/>
    <property name="java.vm.info" value="mixed mode, sharing"/>
    <property name="stderr.encoding" value="UTF-8"/>
    <property name="java.vendor" value="Amazon.com Inc."/>
    <property name="java.vm.version" value="21.0.8+9-LTS"/>
    <property name="sun.io.unicode.encoding" value="UnicodeBig"/>
    <property name="maven.repo.local" value="/Users/akihirokakutani/.m2/repository"/>
    <property name="socksNonProxyHosts" value="local|*.local|169.254/16|*.169.254/16"/>
    <property name="java.class.version" value="65.0"/>
    <property name="LOGGED_APPLICATION_NAME" value="[demo] "/>
  </properties>
  <testcase name="contextLoads" classname="com.example.demo.DemoApplicationTests" time="0.408">
    <system-out><![CDATA[13:54:03.307 [main] INFO org.springframework.test.context.support.AnnotationConfigContextLoaderUtils -- Could not detect default configuration classes for test class [com.example.demo.DemoApplicationTests]: DemoApplicationTests does not declare any static, non-private, non-final, nested classes annotated with @Configuration.
13:54:03.391 [main] INFO org.springframework.boot.test.context.SpringBootTestContextBootstrapper -- Found @SpringBootConfiguration com.example.demo.DemoApplication for test class com.example.demo.DemoApplicationTests
13:54:03.505 [main] INFO org.springframework.boot.devtools.restart.RestartApplicationListener -- Restart disabled due to context in which it is running

  .   ____          _            __ _ _
 /\\ / ___'_ __ _ _(_)_ __  __ _ \ \ \ \
( ( )\___ | '_ | '_| | '_ \/ _` | \ \ \ \
 \\/  ___)| |_)| | | | | || (_| |  ) ) ) )
  '  |____| .__|_| |_|_| |_\__, | / / / /
 =========|_|==============|___/=/_/_/_/

 :: Spring Boot ::                (v3.5.6)

2025-10-05T13:54:03.701+09:00  INFO 36837 --- [demo] [           main] com.example.demo.DemoApplicationTests    : Starting DemoApplicationTests using Java 21.0.8 with PID 36837 (started by akihirokakutani in /Users/akihirokakutani/Documents/GitHub/Kotlin_SpringBoot)
2025-10-05T13:54:03.702+09:00  INFO 36837 --- [demo] [           main] com.example.demo.DemoApplicationTests    : No active profile set, falling back to 1 default profile: "default"
2025-10-05T13:54:04.841+09:00  INFO 36837 --- [demo] [           main] com.zaxxer.hikari.HikariDataSource       : HikariPool-1 - Starting...
2025-10-05T13:54:05.016+09:00  INFO 36837 --- [demo] [           main] com.zaxxer.hikari.pool.HikariPool        : HikariPool-1 - Added connection org.postgresql.jdbc.PgConnection@27bb74e1
2025-10-05T13:54:05.017+09:00  INFO 36837 --- [demo] [           main] com.zaxxer.hikari.HikariDataSource       : HikariPool-1 - Start completed.
2025-10-05T13:54:05.415+09:00  INFO 36837 --- [demo] [           main] o.s.b.a.e.web.EndpointLinksResolver      : Exposing 2 endpoints beneath base path '/actuator'
2025-10-05T13:54:05.444+09:00  WARN 36837 --- [demo] [           main] .s.s.UserDetailsServiceAutoConfiguration : 

Using generated security password: 59248053-c029-4590-a49c-1f3397f96e5f

This generated password is for development use only. Your security configuration must be updated before running your application in production.

2025-10-05T13:54:05.448+09:00  INFO 36837 --- [demo] [           main] r$InitializeUserDetailsManagerConfigurer : Global AuthenticationManager configured with UserDetailsService bean with name inMemoryUserDetailsManager
2025-10-05T13:54:05.897+09:00  INFO 36837 --- [demo] [           main] com.example.demo.DemoApplicationTests    : Started DemoApplicationTests in 2.398 seconds (process running for 3.043)
]]></system-out>
    <system-err><![CDATA[Mockito is currently self-attaching to enable the inline-mock-maker. This will no longer work in future releases of the JDK. Please add Mockito as an agent to your build as described in Mockito's documentation: https://javadoc.io/doc/org.mockito/mockito-core/latest/org.mockito/org/mockito/Mockito.html#0.3
WARNING: A Java agent has been loaded dynamically (/Users/akihirokakutani/.m2/repository/net/bytebuddy/byte-buddy-agent/1.17.7/byte-buddy-agent-1.17.7.jar)
WARNING: If a serviceability tool is in use, please run with -XX:+EnableDynamicAgentLoading to hide this warning
WARNING: If a serviceability tool is not in use, please run with -Djdk.instrument.traceUsage for more information
WARNING: Dynamic loading of agents will be disallowed by default in a future release
]]></system-err>
  </testcase>
</testsuite>